<?xml version="1.0" encoding="UTF-8"?>
<!-- Generated by org.testng.reporters.JUnitReportReporter -->
<testsuite skipped="0" hostname="LAPTOP-LHOVM503" name="de.urlaub.pom.testcases.ClientTest" tests="1" failures="0" timestamp="02 Oct 2019 10:53:45 GMT" time="54.087" errors="0">
  <testcase name="testSearchHotel" time="54.087" classname="de.urlaub.pom.testcases.ClientTest"/>
</testsuite> <!-- de.urlaub.pom.testcases.ClientTest -->
